3732423
3064033
3732423
626331
1723519
3732423
3732423
3064033
3732423
1126015
2298025
5649499
3732423
3542887
837799
3732423
3732423
230631
2298025
837799
1126015
3064033
3732423
1723519
837799
837799
3064033
3732423
2298025
2298025
837799
1564063
3064033
3064033
1564063
3732423
3542887
3732423
2298025
5649499
3732423
142587
142587
1723519
3732423
3064033
2298025
230631
3064033
5649499
3732423
3732423
1723519
1723519
3732423
2298025
3732423
1501353
2298025
3064033
3732423
3732423
1564063
230631
1723519
3732423
3732423
410011
1126015
1564063
2298025
3732423
3064033
3732423
837799
