1
230631
3732423
1126015
1723519
3732423
5649499
230631
3732423
2298025
626331
1723519
2298025
511935
2298025
837799
837799
511935
3732423
2298025
2298025
3732423
3732423
3064033
1126015
3732423
2298025
837799
3732423
3542887
230631
3732423
2298025
3732423
3732423
1126015
511935
5649499
3732423
626331
3732423
2298025
3064033
3732423
1564063
3732423
77031
410011
2298025
3732423
2298025
5649499
5649499
216367
2298025
3732423
3732423
2298025
2298025
1723519
3732423
2298025
5649499
230631
1723519
3732423
3732423
1723519
2298025
2298025
1126015
2298025
626331
3732423
156159
3732423
3064033
1564063
1126015
1723519
3064033
230631
1126015
1723519
3732423
1723519
626331
3732423
3542887
5649499
3542887
3732423
3732423
1723519
1501353
3732423
35655
230631
3732423
5649499
1126015
