9
9
19
837799
1723519
2298025
3732423
3732423
1723519
3732423
2298025
3732423
3732423
3064033
3064033
2298025
2298025
2298025
1126015
2298025
1723519
1126015
837799
2298025
3732423
511935
3064033
3732423
3732423
3064033
3732423
1723519
2298025
2298025
626331
626331
1723519
3064033
2298025
3732423
2298025
3732423
26623
3732423
1126015
3732423
3732423
230631
2298025
2298025
837799
1564063
1564063
2298025
2298025
1126015
626331
837799
410011
1126015
2298025
1126015
3732423
106239
3064033
3732423
511935
230631
1723519
3064033
230631
2298025
3732423
837799
511935
1723519
230631
3732423
2298025
1564063
3732423
3732423
3732423
1723519
3732423
