3732423
3064033
1126015
410011
837799
3732423
1501353
77031
2298025
3732423
1501353
1126015
3064033
3732423
2298025
1126015
3732423
837799
230631
3732423
837799
3732423
2298025
3542887
1723519
2298025
2298025
1126015
837799
3732423
1723519
3732423
3542887
1723519
3732423
511935
3542887
230631
3542887
1564063
3732423
3732423
626331
3064033
3732423
156159
3732423
2298025
3732423
837799
837799
3732423
3732423
1126015
3064033
1564063
2298025
3732423
3732423
1723519
837799
3064033
3732423
1126015
216367
1501353
3542887
3064033
2298025
2298025
1564063
230631
230631
3732423
2298025
3064033
3732423
2298025
1564063
410011
3732423
1126015
3732423
3064033
1564063
3732423
837799
1723519
626331
3064033
410011
3732423
3732423
156159
2298025
1564063
1723519
1
3732423
1
