9
9
19
25
235
327
3711
35655
410011
3732423
2323
216367
3732423
1501353
3732423
3732423
3732423
2298025
2298025
1126015
3732423
1564063
410011
3732423
3732423
3732423
511935
837799
2298025
3542887
2298025
626331
511935
410011
230631
410011
837799
1723519
230631
626331
626331
1723519
52527
837799
2298025
837799
1564063
511935
1126015
230631
77031
52527
35655
35497
34239
17673
13255
10971
6171
3711
2919
2463
2323
2223
1161
871
703
667
655
649
327
313
235
231
171
129
97
73
55
27
25
19
18
9
7
6
3
2
1
17673
