9
9
19
3732423
1
3
7
9
19
25
27
55
73
97
129
171
231
235
313
327
649
655
667
703
871
1161
2223
2323
2463
2919
3711
6171
10971
13255
17647
17673
23529
26623
34239
35497
35655
52527
77031
106239
142587
156159
216367
230631
410011
511935
626331
837799
1117065
1126015
1501353
1564063
1723519
2298025
3064033
3542887
3732423
77031
55
73
97
129
3711
52527
216367
2298025
19
3
129
3711
10971
97
6171
2919
235
6171
6171
3711
17673
2919
235
235
511935
6171
871
703
73
73
703
703
25
6171
3711
2463
17673
626331
