9
9
19
77031
13255
77031
52527
26623
35655
52527
77031
52527
26623
6171
77031
35655
17647
13255
35655
52527
13255
10971
26623
23529
26623
52527
77031
17647
26623
77031
52527
77031
26623
77031
52527
26623
10971
77031
77031
52527
13255
52527
77031
52527
13255
35655
77031
6171
77031
35655
52527
52527
35655
35655
17647
13255
23529
52527
77031
52527
3711
35655
17647
77031
77031
35655
77031
77031
17647
52527
13255
17647
52527
35655
35655
77031
77031
35655
52527
77031
77031
13255
77031
35655
34239
35655
52527
52527
52527
35655
23529
26623
26623
3711
35655
77031
52527
