27
97
235
327
703
871
1161
1161
2919
3711
3711
6171
35655
77031
156159
410011
511935
626331
837799
1161
1161
1161
3711
3711
26623
35655
35655
77031
77031
77031
106239
106239
106239
156159
156159
216367
230631
230631
230631
230631
230631
230631
230631
230631
230631
230631
410011
410011
511935
511935
511935
511935
511935
511935
511935
511935
511935
511935
626331
626331
626331
626331
626331
626331
626331
837799
837799
837799
837799
837799
1126015
1126015
1723519
1723519
1723519
1723519
2298025
2298025
3542887
3542887
3732423
3732423
3732423
3732423
3732423
3732423
3732423
3732423
3732423
3732423
3732423
3732423
3732423
3732423
3732423
3732423
3732423
3732423
3732423
3732423
