1
3732423
230631
3711
3711
23529
156159
410011
106239
156159
77031
1126015
626331
703
3711
410011
511935
10971
837799
837799
3711
6171
6171
1126015
106239
1723519
2298025
2298025
1723519
1501353
1723519
1501353
2323
3711
6171
1126015
1723519
1126015
35655
1564063
1723519
1564063
2298025
1723519
23529
35655
26623
1723519
2298025
2298025
3064033
3732423
2298025
13255
17673
34239
3064033
3732423
3732423
3732423
35655
35655
26623
35655
3064033
3732423
2298025
2298025
35655
17673
17673
13255
3732423
3064033
3732423
