230631
230631
837799
626331
410011
626331
10971
837799
410011
410011
837799
230631
626331
837799
837799
511935
230631
35655
230631
837799
626331
837799
17673
230631
52527
77031
837799
156159
106239
837799
156159
230631
230631
230631
26623
837799
511935
837799
626331
230631
230631
156159
837799
837799
626331
156159
77031
511935
106239
77031
626331
230631
156159
156159
410011
626331
13255
511935
77031
837799
2919
230631
142587
230631
52527
837799
626331
511935
626331
511935
626331
230631
2919
230631
511935
156159
410011
230631
837799
410011
626331
837799
230631
626331
626331
626331
