9
9
19
2298025
230631
1126015
2298025
3064033
2298025
1723519
1723519
3732423
1723519
3732423
1723519
52527
1126015
2298025
3064033
837799
2298025
3542887
3064033
1126015
3732423
3732423
1723519
3732423
511935
3732423
1723519
1126015
230631
3542887
3064033
3732423
2298025
3064033
1126015
626331
3732423
1126015
1723519
156159
2298025
3732423
1723519
3732423
3064033
1126015
837799
3732423
3064033
1126015
1564063
3542887
3732423
230631
1126015
3732423
3732423
3732423
1723519
1723519
626331
3064033
3064033
837799
3732423
3732423
2298025
3732423
2298025
2298025
2298025
410011
1501353
1126015
2298025
837799
3732423
3732423
156159
3732423
5649499
