1
230631
626331
1564063
1117065
3732423
1126015
3732423
3732423
626331
626331
3542887
3732423
1723519
2298025
1723519
3732423
1723519
1723519
2298025
1723519
2298025
3064033
1723519
3732423
3732423
1126015
3732423
1723519
3732423
3064033
3732423
3064033
2298025
2298025
2298025
837799
3732423
3064033
230631
837799
2298025
3064033
3064033
1564063
410011
3732423
1723519
3732423
2298025
3732423
2298025
1564063
511935
511935
2298025
3732423
2298025
837799
3732423
2298025
3064033
2298025
1723519
3732423
1564063
3732423
3732423
1501353
3732423
3732423
2298025
2298025
1723519
3732423
1126015
1126015
3732423
2298025
3732423
26623
1126015
626331
626331
837799
837799
837799
626331
2298025
2298025
1564063
3542887
3732423
1723519
3732423
2298025
3732423
511935
3542887
3732423
