1723519
837799
1126015
77031
626331
626331
1126015
1126015
1723519
1501353
626331
1126015
1723519
2298025
3064033
1126015
2298025
511935
2298025
2298025
837799
1723519
1723519
837799
1564063
1723519
837799
156159
410011
1723519
511935
3064033
3064033
626331
2298025
1723519
3064033
1723519
1126015
837799
230631
1126015
35655
837799
1723519
3064033
2298025
2298025
1723519
511935
837799
2298025
1564063
1126015
2298025
511935
837799
1723519
1723519
1723519
230631
1723519
2298025
837799
230631
1723519
626331
142587
2298025
2298025
1723519
230631
2298025
1501353
1564063
1723519
1723519
1723519
2298025
1723519
